::1 - - [28/Sep/2018:17:41:51 +0000] "POST /api/teachers HTTP/1.1" 500 153 "-" "PostmanRuntime/7.3.0"
::1 - - [28/Sep/2018:17:42:10 +0000] "POST /api/teachers HTTP/1.1" 500 71 "-" "PostmanRuntime/7.3.0"
::1 - - [28/Sep/2018:17:42:24 +0000] "POST /api/teachers HTTP/1.1" 200 202 "-" "PostmanRuntime/7.3.0"
::1 - - [28/Sep/2018:17:43:16 +0000] "GET /api/teachers HTTP/1.1" 200 175 "-" "PostmanRuntime/7.3.0"
::1 - - [28/Sep/2018:17:43:23 +0000] "DELETE /api/teachers/5bae680031a7df84c59c2125 HTTP/1.1" 500 65 "-" "PostmanRuntime/7.3.0"
::1 - - [28/Sep/2018:17:43:30 +0000] "GET /api/teachers/ HTTP/1.1" 200 175 "-" "PostmanRuntime/7.3.0"
::1 - - [28/Sep/2018:17:43:39 +0000] "DELETE /api/teachers/5bae680031a7df84c59c2125 HTTP/1.1" 500 65 "-" "PostmanRuntime/7.3.0"
::1 - - [28/Sep/2018:17:43:52 +0000] "DELETE /api/teachers/5bae680031a7df84c59c2125 HTTP/1.1" 500 65 "-" "PostmanRuntime/7.3.0"
::1 - - [28/Sep/2018:17:43:53 +0000] "DELETE /api/teachers/5bae680031a7df84c59c2125 HTTP/1.1" 500 65 "-" "PostmanRuntime/7.3.0"
::1 - - [28/Sep/2018:17:43:53 +0000] "DELETE /api/teachers/5bae680031a7df84c59c2125 HTTP/1.1" 500 65 "-" "PostmanRuntime/7.3.0"
::1 - - [28/Sep/2018:17:43:54 +0000] "DELETE /api/teachers/5bae680031a7df84c59c2125 HTTP/1.1" 500 65 "-" "PostmanRuntime/7.3.0"
::1 - - [28/Sep/2018:17:43:54 +0000] "DELETE /api/teachers/5bae680031a7df84c59c2125 HTTP/1.1" 500 65 "-" "PostmanRuntime/7.3.0"
::1 - - [28/Sep/2018:17:44:21 +0000] "GET /api/teachers/ HTTP/1.1" 200 175 "-" "PostmanRuntime/7.3.0"
::1 - - [28/Sep/2018:17:44:40 +0000] "DELETE /api/teachers/5bae680031a7df84c59c2125 HTTP/1.1" 500 65 "-" "PostmanRuntime/7.3.0"
::1 - - [28/Sep/2018:17:44:47 +0000] "GET /api/teachers/ HTTP/1.1" 200 175 "-" "PostmanRuntime/7.3.0"
::1 - - [28/Sep/2018:17:45:38 +0000] "DELETE /api/teachers/5bae680031a7df84c59c2125 HTTP/1.1" 500 221 "-" "PostmanRuntime/7.3.0"
::1 - - [28/Sep/2018:17:45:48 +0000] "GET /api/teachers/ HTTP/1.1" 500 43 "-" "PostmanRuntime/7.3.0"
::1 - - [28/Sep/2018:17:59:59 +0000] "POST /api/teachers/ HTTP/1.1" 200 1420 "-" "PostmanRuntime/7.3.0"
::1 - - [28/Sep/2018:18:05:17 +0000] "POST /api/teachers/ HTTP/1.1" 200 1105 "-" "PostmanRuntime/7.3.0"
::1 - - [28/Sep/2018:18:09:00 +0000] "POST /api/teachers/ HTTP/1.1" 200 922 "-" "PostmanRuntime/7.3.0"
::1 - - [28/Sep/2018:18:14:51 +0000] "POST /api/teachers/ HTTP/1.1" 200 767 "-" "PostmanRuntime/7.3.0"
::1 - - [28/Sep/2018:18:15:21 +0000] "PUT /api/teachers/5bae6f9b74c02385ae8988c7 HTTP/1.1" 200 58 "-" "PostmanRuntime/7.3.0"
::1 - - [28/Sep/2018:18:15:39 +0000] "PUT /api/teachers/5bae6f9b74c02385ae8988c7 HTTP/1.1" 200 58 "-" "PostmanRuntime/7.3.0"
::1 - - [28/Sep/2018:18:15:42 +0000] "GET /api/teachers/5bae6f9b74c02385ae8988c7 HTTP/1.1" 500 45 "-" "PostmanRuntime/7.3.0"
::1 - - [28/Sep/2018:18:15:50 +0000] "GET /api/teachers/ HTTP/1.1" 200 4064 "-" "PostmanRuntime/7.3.0"
::1 - - [28/Sep/2018:18:16:22 +0000] "GET /api/teachers/5bae6f9b74c02385ae8988c7 HTTP/1.1" 500 45 "-" "PostmanRuntime/7.3.0"
::1 - - [28/Sep/2018:18:16:29 +0000] "GET /api/teachers/ HTTP/1.1" 200 4064 "-" "PostmanRuntime/7.3.0"
::1 - - [28/Sep/2018:18:16:37 +0000] "GET /api/teachers/ HTTP/1.1" 200 4064 "-" "PostmanRuntime/7.3.0"
::1 - - [28/Sep/2018:18:16:40 +0000] "GET /api/teachers/5bae6f9b74c02385ae8988c7 HTTP/1.1" 500 45 "-" "PostmanRuntime/7.3.0"
::1 - - [28/Sep/2018:18:16:47 +0000] "GET /api/teachers/ HTTP/1.1" 200 4064 "-" "PostmanRuntime/7.3.0"
::1 - - [28/Sep/2018:18:16:54 +0000] "GET /api/teachers/5bae6c1f87b0f4851bfe8d2d HTTP/1.1" 500 45 "-" "PostmanRuntime/7.3.0"
::1 - - [28/Sep/2018:18:17:19 +0000] "GET /api/teachers/5bae6c1f87b0f4851bfe8d2d HTTP/1.1" 200 1423 "-" "PostmanRuntime/7.3.0"
::1 - - [28/Sep/2018:18:17:24 +0000] "GET /api/teachers/ HTTP/1.1" 200 4064 "-" "PostmanRuntime/7.3.0"
::1 - - [28/Sep/2018:18:17:31 +0000] "GET /api/teachers/5bae6f9b74c02385ae8988c7 HTTP/1.1" 200 770 "-" "PostmanRuntime/7.3.0"
::1 - - [28/Sep/2018:18:17:43 +0000] "PUT /api/teachers/5bae6f9b74c02385ae8988c7 HTTP/1.1" 200 790 "-" "PostmanRuntime/7.3.0"
::1 - - [28/Sep/2018:18:17:52 +0000] "GET /api/teachers/ HTTP/1.1" 200 4075 "-" "PostmanRuntime/7.3.0"
::1 - - [28/Sep/2018:18:19:02 +0000] "POST /api/teachers/ HTTP/1.1" 200 1433 "-" "PostmanRuntime/7.3.0"
::1 - - [28/Sep/2018:18:19:09 +0000] "GET /api/teachers/ HTTP/1.1" 200 5467 "-" "PostmanRuntime/7.3.0"
::1 - - [28/Sep/2018:18:19:15 +0000] "DELETE /api/teachers/5bae709619ef7d861ee97273 HTTP/1.1" 500 1452 "-" "PostmanRuntime/7.3.0"
::1 - - [28/Sep/2018:18:19:21 +0000] "GET /api/teachers/ HTTP/1.1" 200 4075 "-" "PostmanRuntime/7.3.0"
::1 - - [28/Sep/2018:18:41:05 +0000] "GET /api/teachers/5bae6c1f87b0f4851bfe8d2d HTTP/1.1" 200 1423 "-" "PostmanRuntime/7.3.0"
::1 - - [28/Sep/2018:18:46:59 +0000] "PUT /api/teachers/5bae6c1f87b0f4851bfe8d2d HTTP/1.1" 200 1599 "-" "PostmanRuntime/7.3.0"
::1 - - [28/Sep/2018:18:48:48 +0000] "GET /api/teachers/ HTTP/1.1" 200 4242 "-" "PostmanRuntime/7.3.0"
::1 - - [28/Sep/2018:18:50:32 +0000] "GET /api/teachers/5bae6f9b74c02385ae8988c7 HTTP/1.1" 200 781 "-" "PostmanRuntime/7.3.0"
::1 - - [28/Sep/2018:18:51:15 +0000] "PUT /api/teachers/5bae6f9b74c02385ae8988c7 HTTP/1.1" 200 957 "-" "PostmanRuntime/7.3.0"
::1 - - [28/Sep/2018:18:51:21 +0000] "GET /api/teachers/ HTTP/1.1" 200 4409 "-" "PostmanRuntime/7.3.0"
::1 - - [28/Sep/2018:18:51:33 +0000] "GET /api/teachers/5bae6c1f87b0f4851bfe8d2d HTTP/1.1" 200 1590 "-" "PostmanRuntime/7.3.0"
::1 - - [28/Sep/2018:18:52:30 +0000] "PUT /api/teachers/5bae6c1f87b0f4851bfe8d2d HTTP/1.1" 200 1600 "-" "PostmanRuntime/7.3.0"
::1 - - [28/Sep/2018:18:52:38 +0000] "GET /api/teachers/ HTTP/1.1" 200 4410 "-" "PostmanRuntime/7.3.0"
::1 - - [28/Sep/2018:18:53:38 +0000] "GET /api/teachers/5bae6e3c74c02385ae8988c6 HTTP/1.1" 200 925 "-" "PostmanRuntime/7.3.0"
::1 - - [28/Sep/2018:18:54:18 +0000] "PUT /api/teachers/5bae6e3c74c02385ae8988c6 HTTP/1.1" 200 1100 "-" "PostmanRuntime/7.3.0"
::1 - - [28/Sep/2018:18:55:30 +0000] "GET /api/teachers/ HTTP/1.1" 200 4576 "-" "PostmanRuntime/7.3.0"
::1 - - [28/Sep/2018:18:55:37 +0000] "GET /api/teachers/5bae6d5d66616f8585c6706f HTTP/1.1" 200 1108 "-" "PostmanRuntime/7.3.0"
::1 - - [28/Sep/2018:18:56:27 +0000] "PUT /api/teachers/5bae6d5d66616f8585c6706f HTTP/1.1" 200 1285 "-" "PostmanRuntime/7.3.0"
::1 - - [28/Sep/2018:18:56:34 +0000] "GET /api/teachers/ HTTP/1.1" 200 4744 "-" "PostmanRuntime/7.3.0"
::1 - - [28/Sep/2018:19:01:39 +0000] "POST /api/teachers/ HTTP/1.1" 200 699 "-" "PostmanRuntime/7.3.0"
::1 - - [28/Sep/2018:19:01:46 +0000] "GET /api/teachers/ HTTP/1.1" 200 5402 "-" "PostmanRuntime/7.3.0"
